Command line invocation:
    /Applications/Xcode.app/Contents/Developer/usr/bin/xcodebuild test -project pets.xcodeproj -scheme pets -configuration Debug -enableCodeCoverage YES -destination "platform=iOS Simulator,name=iPhone 11,OS=13.4" -destination-timeout 60

note: Using new build system
note: Building targets in parallel
note: Planning build
note: Constructing build description
CreateBuildDirectory /Users/matheussilva/Library/Developer/Xcode/DerivedData/pets-aeusqzhpvglgryachvpobddibkxd/Build/Products (in target 'pets' from project 'pets')
    cd /Users/matheussilva/repos/pets/app/pets
    builtin-create-build-directory /Users/matheussilva/Library/Developer/Xcode/DerivedData/pets-aeusqzhpvglgryachvpobddibkxd/Build/Products

CreateBuildDirectory /Users/matheussilva/Library/Developer/Xcode/DerivedData/pets-aeusqzhpvglgryachvpobddibkxd/Build/Intermediates.noindex (in target 'pets' from project 'pets')
    cd /Users/matheussilva/repos/pets/app/pets
    builtin-create-build-directory /Users/matheussilva/Library/Developer/Xcode/DerivedData/pets-aeusqzhpvglgryachvpobddibkxd/Build/Intermediates.noindex

ProcessProductPackaging "" /Users/matheussilva/Library/Developer/Xcode/DerivedData/pets-aeusqzhpvglgryachvpobddibkxd/Build/Intermediates.noindex/pets.build/Debug-iphonesimulator/pets.build/pets.app.xcent (in target 'pets' from project 'pets')
    cd /Users/matheussilva/repos/pets/app/pets
    

Entitlements:

{
    "com.apple.security.get-task-allow" = 1;
}


    builtin-productPackagingUtility -entitlements -format xml -o /Users/matheussilva/Library/Developer/Xcode/DerivedData/pets-aeusqzhpvglgryachvpobddibkxd/Build/Intermediates.noindex/pets.build/Debug-iphonesimulator/pets.build/pets.app.xcent

ProcessProductPackaging "" /Users/matheussilva/Library/Developer/Xcode/DerivedData/pets-aeusqzhpvglgryachvpobddibkxd/Build/Intermediates.noindex/pets.build/Debug-iphonesimulator/pets.build/pets.app-Simulated.xcent (in target 'pets' from project 'pets')
    cd /Users/matheussilva/repos/pets/app/pets
    

Entitlements:

{
    "application-identifier" = "CTAFH43K36.maatheusgois.pets";
    "com.apple.developer.applesignin" =     (
        Default
    );
}


    builtin-productPackagingUtility -entitlements -format xml -o /Users/matheussilva/Library/Developer/Xcode/DerivedData/pets-aeusqzhpvglgryachvpobddibkxd/Build/Intermediates.noindex/pets.build/Debug-iphonesimulator/pets.build/pets.app-Simulated.xcent

Ld /Users/matheussilva/Library/Developer/Xcode/DerivedData/pets-aeusqzhpvglgryachvpobddibkxd/Build/Products/Debug-iphonesimulator/pets.app/pets normal x86_64 (in target 'pets' from project 'pets')
    cd /Users/matheussilva/repos/pets/app/pets
    /Applications/Xcode.app/Contents/Developer/Toolchains/XcodeDefault.xctoolchain/usr/bin/clang -target x86_64-apple-ios13.0-simulator -isysroot /Applications/Xcode.app/Contents/Developer/Platforms/iPhoneSimulator.platform/Developer/SDKs/iPhoneSimulator13.4.sdk -L/Users/matheussilva/Library/Developer/Xcode/DerivedData/pets-aeusqzhpvglgryachvpobddibkxd/Build/Products/Debug-iphonesimulator -F/Users/matheussilva/Library/Developer/Xcode/DerivedData/pets-aeusqzhpvglgryachvpobddibkxd/Build/Products/Debug-iphonesimulator -filelist /Users/matheussilva/Library/Developer/Xcode/DerivedData/pets-aeusqzhpvglgryachvpobddibkxd/Build/Intermediates.noindex/pets.build/Debug-iphonesimulator/pets.build/Objects-normal/x86_64/pets.LinkFileList -Xlinker -rpath -Xlinker @executable_path/Frameworks -dead_strip -Xlinker -object_path_lto -Xlinker /Users/matheussilva/Library/Developer/Xcode/DerivedData/pets-aeusqzhpvglgryachvpobddibkxd/Build/Intermediates.noindex/pets.build/Debug-iphonesimulator/pets.build/Objects-normal/x86_64/pets_lto.o -Xlinker -export_dynamic -Xlinker -no_deduplicate -Xlinker -objc_abi_version -Xlinker 2 -fprofile-instr-generate -fobjc-link-runtime -L/Applications/Xcode.app/Contents/Developer/Toolchains/XcodeDefault.xctoolchain/usr/lib/swift/iphonesimulator -L/usr/lib/swift -Xlinker -add_ast_path -Xlinker /Users/matheussilva/Library/Developer/Xcode/DerivedData/pets-aeusqzhpvglgryachvpobddibkxd/Build/Intermediates.noindex/pets.build/Debug-iphonesimulator/pets.build/Objects-normal/x86_64/pets.swiftmodule -Xlinker -sectcreate -Xlinker __TEXT -Xlinker __entitlements -Xlinker /Users/matheussilva/Library/Developer/Xcode/DerivedData/pets-aeusqzhpvglgryachvpobddibkxd/Build/Intermediates.noindex/pets.build/Debug-iphonesimulator/pets.build/pets.app-Simulated.xcent -Xlinker -dependency_info -Xlinker /Users/matheussilva/Library/Developer/Xcode/DerivedData/pets-aeusqzhpvglgryachvpobddibkxd/Build/Intermediates.noindex/pets.build/Debug-iphonesimulator/pets.build/Objects-normal/x86_64/pets_dependency_info.dat -o /Users/matheussilva/Library/Developer/Xcode/DerivedData/pets-aeusqzhpvglgryachvpobddibkxd/Build/Products/Debug-iphonesimulator/pets.app/pets

PhaseScriptExecution Run\ Script /Users/matheussilva/Library/Developer/Xcode/DerivedData/pets-aeusqzhpvglgryachvpobddibkxd/Build/Intermediates.noindex/pets.build/Debug-iphonesimulator/pets.build/Script-8264D9582441DFB000372A90.sh (in target 'pets' from project 'pets')
    cd /Users/matheussilva/repos/pets/app/pets
    export ACTION=build
    export AD_HOC_CODE_SIGNING_ALLOWED=YES
    export ALTERNATE_GROUP=staff
    export ALTERNATE_MODE=u+w,go-w,a+rX
    export ALTERNATE_OWNER=matheussilva
    export ALWAYS_EMBED_SWIFT_STANDARD_LIBRARIES=NO
    export ALWAYS_SEARCH_USER_PATHS=NO
    export ALWAYS_USE_SEPARATE_HEADERMAPS=NO
    export APPLE_INTERNAL_DEVELOPER_DIR=/AppleInternal/Developer
    export APPLE_INTERNAL_DIR=/AppleInternal
    export APPLE_INTERNAL_DOCUMENTATION_DIR=/AppleInternal/Documentation
    export APPLE_INTERNAL_LIBRARY_DIR=/AppleInternal/Library
    export APPLE_INTERNAL_TOOLS=/AppleInternal/Developer/Tools
    export APPLICATION_EXTENSION_API_ONLY=NO
    export APPLY_RULES_IN_COPY_FILES=NO
    export APPLY_RULES_IN_COPY_HEADERS=NO
    export ARCHS=x86_64
    export ARCHS_STANDARD=x86_64
    export ARCHS_STANDARD_32_64_BIT="i386 x86_64"
    export ARCHS_STANDARD_32_BIT=i386
    export ARCHS_STANDARD_64_BIT=x86_64
    export ARCHS_STANDARD_INCLUDING_64_BIT=x86_64
    export ARCHS_UNIVERSAL_IPHONE_OS="i386 x86_64"
    export ASSETCATALOG_COMPILER_APPICON_NAME=AppIcon
    export AVAILABLE_PLATFORMS="appletvos appletvsimulator iphoneos iphonesimulator macosx watchos watchsimulator"
    export AppIdentifierPrefix=CTAFH43K36.
    export BITCODE_GENERATION_MODE=marker
    export BUILD_ACTIVE_RESOURCES_ONLY=YES
    export BUILD_COMPONENTS="headers build"
    export BUILD_DIR=/Users/matheussilva/Library/Developer/Xcode/DerivedData/pets-aeusqzhpvglgryachvpobddibkxd/Build/Products
    export BUILD_LIBRARY_FOR_DISTRIBUTION=NO
    export BUILD_ROOT=/Users/matheussilva/Library/Developer/Xcode/DerivedData/pets-aeusqzhpvglgryachvpobddibkxd/Build/Products
    export BUILD_STYLE=
    export BUILD_VARIANTS=normal
    export BUILT_PRODUCTS_DIR=/Users/matheussilva/Library/Developer/Xcode/DerivedData/pets-aeusqzhpvglgryachvpobddibkxd/Build/Products/Debug-iphonesimulator
    export BUNDLE_CONTENTS_FOLDER_PATH_deep=Contents/
    export BUNDLE_EXECUTABLE_FOLDER_NAME_deep=MacOS
    export BUNDLE_FORMAT=shallow
    export BUNDLE_FRAMEWORKS_FOLDER_PATH=Frameworks
    export BUNDLE_PLUGINS_FOLDER_PATH=PlugIns
    export BUNDLE_PRIVATE_HEADERS_FOLDER_PATH=PrivateHeaders
    export BUNDLE_PUBLIC_HEADERS_FOLDER_PATH=Headers
    export CACHE_ROOT=/var/folders/sb/lc_nz9bj0pdd7ztvtfbbsrw40000gn/C/com.apple.DeveloperTools/11.4-11E146/Xcode
    export CCHROOT=/var/folders/sb/lc_nz9bj0pdd7ztvtfbbsrw40000gn/C/com.apple.DeveloperTools/11.4-11E146/Xcode
    export CHMOD=/bin/chmod
    export CHOWN=/usr/sbin/chown
    export CLANG_ANALYZER_NONNULL=YES
    export CLANG_ANALYZER_NUMBER_OBJECT_CONVERSION=YES_AGGRESSIVE
    export CLANG_COVERAGE_MAPPING=YES
    export CLANG_CXX_LANGUAGE_STANDARD=gnu++14
    export CLANG_CXX_LIBRARY=libc++
    export CLANG_ENABLE_MODULES=YES
    export CLANG_ENABLE_OBJC_ARC=YES
    export CLANG_ENABLE_OBJC_WEAK=YES
    export CLANG_MODULES_BUILD_SESSION_FILE=/Users/matheussilva/Library/Developer/Xcode/DerivedData/ModuleCache.noindex/Session.modulevalidation
    export CLANG_PROFILE_DATA_DIRECTORY=/Users/matheussilva/Library/Developer/Xcode/DerivedData/pets-aeusqzhpvglgryachvpobddibkxd/Build/ProfileData
    export CLANG_WARN_BLOCK_CAPTURE_AUTORELEASING=YES
    export CLANG_WARN_BOOL_CONVERSION=YES
    export CLANG_WARN_COMMA=YES
    export CLANG_WARN_CONSTANT_CONVERSION=YES
    export CLANG_WARN_DEPRECATED_OBJC_IMPLEMENTATIONS=YES
    export CLANG_WARN_DIRECT_OBJC_ISA_USAGE=YES_ERROR
    export CLANG_WARN_DOCUMENTATION_COMMENTS=YES
    export CLANG_WARN_EMPTY_BODY=YES
    export CLANG_WARN_ENUM_CONVERSION=YES
    export CLANG_WARN_INFINITE_RECURSION=YES
    export CLANG_WARN_INT_CONVERSION=YES
    export CLANG_WARN_NON_LITERAL_NULL_CONVERSION=YES
    export CLANG_WARN_OBJC_IMPLICIT_RETAIN_SELF=YES
    export CLANG_WARN_OBJC_LITERAL_CONVERSION=YES
    export CLANG_WARN_OBJC_ROOT_CLASS=YES_ERROR
    export CLANG_WARN_RANGE_LOOP_ANALYSIS=YES
    export CLANG_WARN_STRICT_PROTOTYPES=YES
    export CLANG_WARN_SUSPICIOUS_MOVE=YES
    export CLANG_WARN_UNGUARDED_AVAILABILITY=YES_AGGRESSIVE
    export CLANG_WARN_UNREACHABLE_CODE=YES
    export CLANG_WARN__DUPLICATE_METHOD_MATCH=YES
    export CLASS_FILE_DIR=/Users/matheussilva/Library/Developer/Xcode/DerivedData/pets-aeusqzhpvglgryachvpobddibkxd/Build/Intermediates.noindex/pets.build/Debug-iphonesimulator/pets.build/JavaClasses
    export CLEAN_PRECOMPS=YES
    export CLONE_HEADERS=NO
    export CODESIGNING_FOLDER_PATH=/Users/matheussilva/Library/Developer/Xcode/DerivedData/pets-aeusqzhpvglgryachvpobddibkxd/Build/Products/Debug-iphonesimulator/pets.app
    export CODE_SIGNING_ALLOWED=YES
    export CODE_SIGNING_REQUIRED=YES
    export CODE_SIGN_CONTEXT_CLASS=XCiPhoneSimulatorCodeSignContext
    export CODE_SIGN_ENTITLEMENTS=pets/pets.entitlements
    export CODE_SIGN_IDENTITY="iPhone Developer"
    export CODE_SIGN_INJECT_BASE_ENTITLEMENTS=YES
    export CODE_SIGN_STYLE=Manual
    export COLOR_DIAGNOSTICS=NO
    export COMBINE_HIDPI_IMAGES=NO
    export COMPILER_INDEX_STORE_ENABLE=Default
    export COMPOSITE_SDK_DIRS=/Users/matheussilva/Library/Developer/Xcode/DerivedData/pets-aeusqzhpvglgryachvpobddibkxd/Build/Intermediates.noindex/CompositeSDKs
    export COMPRESS_PNG_FILES=YES
    export CONFIGURATION=Debug
    export CONFIGURATION_BUILD_DIR=/Users/matheussilva/Library/Developer/Xcode/DerivedData/pets-aeusqzhpvglgryachvpobddibkxd/Build/Products/Debug-iphonesimulator
    export CONFIGURATION_TEMP_DIR=/Users/matheussilva/Library/Developer/Xcode/DerivedData/pets-aeusqzhpvglgryachvpobddibkxd/Build/Intermediates.noindex/pets.build/Debug-iphonesimulator
    export CONTENTS_FOLDER_PATH=pets.app
    export COPYING_PRESERVES_HFS_DATA=NO
    export COPY_HEADERS_RUN_UNIFDEF=NO
    export COPY_PHASE_STRIP=NO
    export COPY_RESOURCES_FROM_STATIC_FRAMEWORKS=YES
    export CORRESPONDING_DEVICE_PLATFORM_DIR=/Applications/Xcode.app/Contents/Developer/Platforms/iPhoneOS.platform
    export CORRESPONDING_DEVICE_PLATFORM_NAME=iphoneos
    export CORRESPONDING_DEVICE_SDK_DIR=/Applications/Xcode.app/Contents/Developer/Platforms/iPhoneOS.platform/Developer/SDKs/iPhoneOS13.4.sdk
    export CORRESPONDING_DEVICE_SDK_NAME=iphoneos13.4
    export CP=/bin/cp
    export CREATE_INFOPLIST_SECTION_IN_BINARY=NO
    export CURRENT_ARCH=undefined_arch
    export CURRENT_PROJECT_VERSION=23
    export CURRENT_VARIANT=normal
    export DEAD_CODE_STRIPPING=YES
    export DEBUGGING_SYMBOLS=YES
    export DEBUG_INFORMATION_FORMAT=dwarf
    export DEFAULT_COMPILER=com.apple.compilers.llvm.clang.1_0
    export DEFAULT_DEXT_INSTALL_PATH=/System/Library/DriverExtensions
    export DEFAULT_KEXT_INSTALL_PATH=/System/Library/Extensions
    export DEFINES_MODULE=NO
    export DEPLOYMENT_LOCATION=NO
    export DEPLOYMENT_POSTPROCESSING=NO
    export DEPLOYMENT_TARGET_CLANG_ENV_NAME=IPHONEOS_DEPLOYMENT_TARGET
    export DEPLOYMENT_TARGET_CLANG_FLAG_NAME=mios-simulator-version-min
    export DEPLOYMENT_TARGET_CLANG_FLAG_PREFIX=-mios-simulator-version-min=
    export DEPLOYMENT_TARGET_LD_ENV_NAME=IPHONEOS_DEPLOYMENT_TARGET
    export DEPLOYMENT_TARGET_LD_FLAG_NAME=ios_simulator_version_min
    export DEPLOYMENT_TARGET_SETTING_NAME=IPHONEOS_DEPLOYMENT_TARGET
    export DEPLOYMENT_TARGET_SUGGESTED_VALUES="8.0 8.1 8.2 8.3 8.4 9.0 9.1 9.2 9.3 10.0 10.1 10.2 10.3 11.0 11.1 11.2 11.3 11.4 12.0 12.1 12.2 12.3 12.4 13.0 13.1 13.2 13.3 13.4"
    export DERIVED_FILES_DIR=/Users/matheussilva/Library/Developer/Xcode/DerivedData/pets-aeusqzhpvglgryachvpobddibkxd/Build/Intermediates.noindex/pets.build/Debug-iphonesimulator/pets.build/DerivedSources
    export DERIVED_FILE_DIR=/Users/matheussilva/Library/Developer/Xcode/DerivedData/pets-aeusqzhpvglgryachvpobddibkxd/Build/Intermediates.noindex/pets.build/Debug-iphonesimulator/pets.build/DerivedSources
    export DERIVED_SOURCES_DIR=/Users/matheussilva/Library/Developer/Xcode/DerivedData/pets-aeusqzhpvglgryachvpobddibkxd/Build/Intermediates.noindex/pets.build/Debug-iphonesimulator/pets.build/DerivedSources
    export DEVELOPER_APPLICATIONS_DIR=/Applications/Xcode.app/Contents/Developer/Applications
    export DEVELOPER_BIN_DIR=/Applications/Xcode.app/Contents/Developer/usr/bin
    export DEVELOPER_DIR=/Applications/Xcode.app/Contents/Developer
    export DEVELOPER_FRAMEWORKS_DIR=/Applications/Xcode.app/Contents/Developer/Library/Frameworks
    export DEVELOPER_FRAMEWORKS_DIR_QUOTED=/Applications/Xcode.app/Contents/Developer/Library/Frameworks
    export DEVELOPER_LIBRARY_DIR=/Applications/Xcode.app/Contents/Developer/Library
    export DEVELOPER_SDK_DIR=/Applications/Xcode.app/Contents/Developer/Platforms/MacOSX.platform/Developer/SDKs
    export DEVELOPER_TOOLS_DIR=/Applications/Xcode.app/Contents/Developer/Tools
    export DEVELOPER_USR_DIR=/Applications/Xcode.app/Contents/Developer/usr
    export DEVELOPMENT_LANGUAGE=en
    export DEVELOPMENT_TEAM=CTAFH43K36
    export DOCUMENTATION_FOLDER_PATH=pets.app/en.lproj/Documentation
    export DONT_GENERATE_INFOPLIST_FILE=NO
    export DO_HEADER_SCANNING_IN_JAM=NO
    export DSTROOT=/tmp/pets.dst
    export DT_TOOLCHAIN_DIR=/Applications/Xcode.app/Contents/Developer/Toolchains/XcodeDefault.xctoolchain
    export DWARF_DSYM_FILE_NAME=pets.app.dSYM
    export DWARF_DSYM_FILE_SHOULD_ACCOMPANY_PRODUCT=NO
    export DWARF_DSYM_FOLDER_PATH=/Users/matheussilva/Library/Developer/Xcode/DerivedData/pets-aeusqzhpvglgryachvpobddibkxd/Build/Products/Debug-iphonesimulator
    export EFFECTIVE_PLATFORM_NAME=-iphonesimulator
    export EMBEDDED_CONTENT_CONTAINS_SWIFT=NO
    export EMBED_ASSET_PACKS_IN_PRODUCT_BUNDLE=NO
    export ENABLE_BITCODE=NO
    export ENABLE_DEFAULT_HEADER_SEARCH_PATHS=YES
    export ENABLE_HARDENED_RUNTIME=NO
    export ENABLE_HEADER_DEPENDENCIES=YES
    export ENABLE_ON_DEMAND_RESOURCES=YES
    export ENABLE_PREVIEWS=NO
    export ENABLE_STRICT_OBJC_MSGSEND=YES
    export ENABLE_TESTABILITY=YES
    export ENABLE_TESTING_SEARCH_PATHS=NO
    export ENTITLEMENTS_DESTINATION=__entitlements
    export ENTITLEMENTS_REQUIRED=YES
    export EXCLUDED_INSTALLSRC_SUBDIRECTORY_PATTERNS=".DS_Store .svn .git .hg CVS"
    export EXCLUDED_RECURSIVE_SEARCH_PATH_SUBDIRECTORIES="*.nib *.lproj *.framework *.gch *.xcode* *.xcassets (*) .DS_Store CVS .svn .git .hg *.pbproj *.pbxproj"
    export EXECUTABLES_FOLDER_PATH=pets.app/Executables
    export EXECUTABLE_FOLDER_PATH=pets.app
    export EXECUTABLE_NAME=pets
    export EXECUTABLE_PATH=pets.app/pets
    export EXPANDED_CODE_SIGN_IDENTITY=-
    export EXPANDED_CODE_SIGN_IDENTITY_NAME=-
    export FILE_LIST=/Users/matheussilva/Library/Developer/Xcode/DerivedData/pets-aeusqzhpvglgryachvpobddibkxd/Build/Intermediates.noindex/pets.build/Debug-iphonesimulator/pets.build/Objects/LinkFileList
    export FIXED_FILES_DIR=/Users/matheussilva/Library/Developer/Xcode/DerivedData/pets-aeusqzhpvglgryachvpobddibkxd/Build/Intermediates.noindex/pets.build/Debug-iphonesimulator/pets.build/FixedFiles
    export FRAMEWORKS_FOLDER_PATH=pets.app/Frameworks
    export FRAMEWORK_FLAG_PREFIX=-framework
    export FRAMEWORK_SEARCH_PATHS="/Users/matheussilva/Library/Developer/Xcode/DerivedData/pets-aeusqzhpvglgryachvpobddibkxd/Build/Products/Debug-iphonesimulator "
    export FRAMEWORK_VERSION=A
    export FULL_PRODUCT_NAME=pets.app
    export GCC3_VERSION=3.3
    export GCC_C_LANGUAGE_STANDARD=gnu11
    export GCC_DYNAMIC_NO_PIC=NO
    export GCC_INLINES_ARE_PRIVATE_EXTERN=YES
    export GCC_NO_COMMON_BLOCKS=YES
    export GCC_OBJC_LEGACY_DISPATCH=YES
    export GCC_OPTIMIZATION_LEVEL=0
    export GCC_PFE_FILE_C_DIALECTS="c objective-c c++ objective-c++"
    export GCC_PREPROCESSOR_DEFINITIONS="DEBUG=1 "
    export GCC_SYMBOLS_PRIVATE_EXTERN=NO
    export GCC_TREAT_WARNINGS_AS_ERRORS=NO
    export GCC_VERSION=com.apple.compilers.llvm.clang.1_0
    export GCC_VERSION_IDENTIFIER=com_apple_compilers_llvm_clang_1_0
    export GCC_WARN_64_TO_32_BIT_CONVERSION=YES
    export GCC_WARN_ABOUT_RETURN_TYPE=YES_ERROR
    export GCC_WARN_UNDECLARED_SELECTOR=YES
    export GCC_WARN_UNINITIALIZED_AUTOS=YES_AGGRESSIVE
    export GCC_WARN_UNUSED_FUNCTION=YES
    export GCC_WARN_UNUSED_VARIABLE=YES
    export GENERATE_MASTER_OBJECT_FILE=NO
    export GENERATE_PKGINFO_FILE=YES
    export GENERATE_PROFILING_CODE=NO
    export GENERATE_TEXT_BASED_STUBS=NO
    export GID=20
    export GROUP=staff
    export HEADERMAP_INCLUDES_FLAT_ENTRIES_FOR_TARGET_BEING_BUILT=YES
    export HEADERMAP_INCLUDES_FRAMEWORK_ENTRIES_FOR_ALL_PRODUCT_TYPES=YES
    export HEADERMAP_INCLUDES_NONPUBLIC_NONPRIVATE_HEADERS=YES
    export HEADERMAP_INCLUDES_PROJECT_HEADERS=YES
    export HEADERMAP_USES_FRAMEWORK_PREFIX_ENTRIES=YES
    export HEADERMAP_USES_VFS=NO
    export HEADER_SEARCH_PATHS="/Users/matheussilva/Library/Developer/Xcode/DerivedData/pets-aeusqzhpvglgryachvpobddibkxd/Build/Products/Debug-iphonesimulator/include "
    export HIDE_BITCODE_SYMBOLS=YES
    export HOME=/Users/matheussilva
    export ICONV=/usr/bin/iconv
    export INFOPLIST_EXPAND_BUILD_SETTINGS=YES
    export INFOPLIST_FILE=pets/Info.plist
    export INFOPLIST_OUTPUT_FORMAT=binary
    export INFOPLIST_PATH=pets.app/Info.plist
    export INFOPLIST_PREPROCESS=NO
    export INFOSTRINGS_PATH=pets.app/en.lproj/InfoPlist.strings
    export INLINE_PRIVATE_FRAMEWORKS=NO
    export INSTALLHDRS_COPY_PHASE=NO
    export INSTALLHDRS_SCRIPT_PHASE=NO
    export INSTALL_DIR=/tmp/pets.dst/Applications
    export INSTALL_GROUP=staff
    export INSTALL_MODE_FLAG=u+w,go-w,a+rX
    export INSTALL_OWNER=matheussilva
    export INSTALL_PATH=/Applications
    export INSTALL_ROOT=/tmp/pets.dst
    export IPHONEOS_DEPLOYMENT_TARGET=13.0
    export JAVAC_DEFAULT_FLAGS="-J-Xms64m -J-XX:NewSize=4M -J-Dfile.encoding=UTF8"
    export JAVA_APP_STUB=/System/Library/Frameworks/JavaVM.framework/Resources/MacOS/JavaApplicationStub
    export JAVA_ARCHIVE_CLASSES=YES
    export JAVA_ARCHIVE_TYPE=JAR
    export JAVA_COMPILER=/usr/bin/javac
    export JAVA_FOLDER_PATH=pets.app/Java
    export JAVA_FRAMEWORK_RESOURCES_DIRS=Resources
    export JAVA_JAR_FLAGS=cv
    export JAVA_SOURCE_SUBDIR=.
    export JAVA_USE_DEPENDENCIES=YES
    export JAVA_ZIP_FLAGS=-urg
    export JIKES_DEFAULT_FLAGS="+E +OLDCSO"
    export KEEP_PRIVATE_EXTERNS=NO
    export LD_DEPENDENCY_INFO_FILE=/Users/matheussilva/Library/Developer/Xcode/DerivedData/pets-aeusqzhpvglgryachvpobddibkxd/Build/Intermediates.noindex/pets.build/Debug-iphonesimulator/pets.build/Objects-normal/undefined_arch/pets_dependency_info.dat
    export LD_ENTITLEMENTS_SECTION=/Users/matheussilva/Library/Developer/Xcode/DerivedData/pets-aeusqzhpvglgryachvpobddibkxd/Build/Intermediates.noindex/pets.build/Debug-iphonesimulator/pets.build/pets.app-Simulated.xcent
    export LD_GENERATE_MAP_FILE=NO
    export LD_MAP_FILE_PATH=/Users/matheussilva/Library/Developer/Xcode/DerivedData/pets-aeusqzhpvglgryachvpobddibkxd/Build/Intermediates.noindex/pets.build/Debug-iphonesimulator/pets.build/pets-LinkMap-normal-undefined_arch.txt
    export LD_NO_PIE=NO
    export LD_QUOTE_LINKER_ARGUMENTS_FOR_COMPILER_DRIVER=YES
    export LD_RUNPATH_SEARCH_PATHS=" @executable_path/Frameworks"
    export LEGACY_DEVELOPER_DIR=/Applications/Xcode.app/Contents/PlugIns/Xcode3Core.ideplugin/Contents/SharedSupport/Developer
    export LEX=lex
    export LIBRARY_DEXT_INSTALL_PATH=/Library/DriverExtensions
    export LIBRARY_FLAG_NOSPACE=YES
    export LIBRARY_FLAG_PREFIX=-l
    export LIBRARY_KEXT_INSTALL_PATH=/Library/Extensions
    export LIBRARY_SEARCH_PATHS="/Users/matheussilva/Library/Developer/Xcode/DerivedData/pets-aeusqzhpvglgryachvpobddibkxd/Build/Products/Debug-iphonesimulator "
    export LINKER_DISPLAYS_MANGLED_NAMES=NO
    export LINK_FILE_LIST_normal_x86_64=/Users/matheussilva/Library/Developer/Xcode/DerivedData/pets-aeusqzhpvglgryachvpobddibkxd/Build/Intermediates.noindex/pets.build/Debug-iphonesimulator/pets.build/Objects-normal/x86_64/pets.LinkFileList
    export LINK_WITH_STANDARD_LIBRARIES=YES
    export LLVM_TARGET_TRIPLE_OS_VERSION=ios13.0
    export LLVM_TARGET_TRIPLE_SUFFIX=-simulator
    export LLVM_TARGET_TRIPLE_VENDOR=apple
    export LOCALIZED_RESOURCES_FOLDER_PATH=pets.app/en.lproj
    export LOCALIZED_STRING_MACRO_NAMES="NSLocalizedString CFCopyLocalizedString"
    export LOCALIZED_STRING_SWIFTUI_SUPPORT=YES
    export LOCAL_ADMIN_APPS_DIR=/Applications/Utilities
    export LOCAL_APPS_DIR=/Applications
    export LOCAL_DEVELOPER_DIR=/Library/Developer
    export LOCAL_LIBRARY_DIR=/Library
    export LOCROOT=/Users/matheussilva/repos/pets/app/pets
    export LOCSYMROOT=/Users/matheussilva/repos/pets/app/pets
    export MACH_O_TYPE=mh_execute
    export MAC_OS_X_PRODUCT_BUILD_VERSION=19E287
    export MAC_OS_X_VERSION_ACTUAL=101504
    export MAC_OS_X_VERSION_MAJOR=101500
    export MAC_OS_X_VERSION_MINOR=1504
    export METAL_LIBRARY_FILE_BASE=default
    export METAL_LIBRARY_OUTPUT_DIR=/Users/matheussilva/Library/Developer/Xcode/DerivedData/pets-aeusqzhpvglgryachvpobddibkxd/Build/Products/Debug-iphonesimulator/pets.app
    export MODULES_FOLDER_PATH=pets.app/Modules
    export MODULE_CACHE_DIR=/Users/matheussilva/Library/Developer/Xcode/DerivedData/ModuleCache.noindex
    export MTL_ENABLE_DEBUG_INFO=INCLUDE_SOURCE
    export MTL_FAST_MATH=YES
    export NATIVE_ARCH=x86_64
    export NATIVE_ARCH_32_BIT=i386
    export NATIVE_ARCH_64_BIT=x86_64
    export NATIVE_ARCH_ACTUAL=x86_64
    export NO_COMMON=YES
    export OBJC_ABI_VERSION=2
    export OBJECT_FILE_DIR=/Users/matheussilva/Library/Developer/Xcode/DerivedData/pets-aeusqzhpvglgryachvpobddibkxd/Build/Intermediates.noindex/pets.build/Debug-iphonesimulator/pets.build/Objects
    export OBJECT_FILE_DIR_normal=/Users/matheussilva/Library/Developer/Xcode/DerivedData/pets-aeusqzhpvglgryachvpobddibkxd/Build/Intermediates.noindex/pets.build/Debug-iphonesimulator/pets.build/Objects-normal
    export OBJROOT=/Users/matheussilva/Library/Developer/Xcode/DerivedData/pets-aeusqzhpvglgryachvpobddibkxd/Build/Intermediates.noindex
    export ONLY_ACTIVE_ARCH=YES
    export OS=MACOS
    export OSAC=/usr/bin/osacompile
    export PACKAGE_TYPE=com.apple.package-type.wrapper.application
    export PASCAL_STRINGS=YES
    export PATH=/Applications/Xcode.app/Contents/Developer/Toolchains/XcodeDefault.xctoolchain/usr/bin:/Applications/Xcode.app/Contents/Developer/Toolchains/XcodeDefault.xctoolchain/usr/local/bin:/Applications/Xcode.app/Contents/Developer/Toolchains/XcodeDefault.xctoolchain/usr/libexec:/Applications/Xcode.app/Contents/Developer/Platforms/iPhoneSimulator.platform/usr/bin:/Applications/Xcode.app/Contents/Developer/Platforms/iPhoneSimulator.platform/usr/local/bin:/Applications/Xcode.app/Contents/Developer/Platforms/iPhoneSimulator.platform/Developer/usr/bin:/Applications/Xcode.app/Contents/Developer/Platforms/iPhoneSimulator.platform/Developer/usr/local/bin:/Applications/Xcode.app/Contents/Developer/usr/bin:/Applications/Xcode.app/Contents/Developer/usr/local/bin:/Library/Frameworks/Python.framework/Versions/3.7/bin:/usr/local/bin:/usr/bin:/bin:/usr/sbin:/sbin:/Library/Apple/usr/bin:/Applications/Wireshark.app/Contents/MacOS
    export PATH_PREFIXES_EXCLUDED_FROM_HEADER_DEPENDENCIES="/usr/include /usr/local/include /System/Library/Frameworks /System/Library/PrivateFrameworks /Applications/Xcode.app/Contents/Developer/Headers /Applications/Xcode.app/Contents/Developer/SDKs /Applications/Xcode.app/Contents/Developer/Platforms"
    export PBDEVELOPMENTPLIST_PATH=pets.app/pbdevelopment.plist
    export PER_ARCH_OBJECT_FILE_DIR=/Users/matheussilva/Library/Developer/Xcode/DerivedData/pets-aeusqzhpvglgryachvpobddibkxd/Build/Intermediates.noindex/pets.build/Debug-iphonesimulator/pets.build/Objects-normal/undefined_arch
    export PER_VARIANT_OBJECT_FILE_DIR=/Users/matheussilva/Library/Developer/Xcode/DerivedData/pets-aeusqzhpvglgryachvpobddibkxd/Build/Intermediates.noindex/pets.build/Debug-iphonesimulator/pets.build/Objects-normal
    export PKGINFO_FILE_PATH=/Users/matheussilva/Library/Developer/Xcode/DerivedData/pets-aeusqzhpvglgryachvpobddibkxd/Build/Intermediates.noindex/pets.build/Debug-iphonesimulator/pets.build/PkgInfo
    export PKGINFO_PATH=pets.app/PkgInfo
    export PLATFORM_DEVELOPER_APPLICATIONS_DIR=/Applications/Xcode.app/Contents/Developer/Platforms/iPhoneSimulator.platform/Developer/Applications
    export PLATFORM_DEVELOPER_BIN_DIR=/Applications/Xcode.app/Contents/Developer/Platforms/iPhoneSimulator.platform/Developer/usr/bin
    export PLATFORM_DEVELOPER_LIBRARY_DIR=/Applications/Xcode.app/Contents/Developer/Platforms/iPhoneSimulator.platform/Developer/Library
    export PLATFORM_DEVELOPER_SDK_DIR=/Applications/Xcode.app/Contents/Developer/Platforms/iPhoneSimulator.platform/Developer/SDKs
    export PLATFORM_DEVELOPER_TOOLS_DIR=/Applications/Xcode.app/Contents/Developer/Platforms/iPhoneSimulator.platform/Developer/Tools
    export PLATFORM_DEVELOPER_USR_DIR=/Applications/Xcode.app/Contents/Developer/Platforms/iPhoneSimulator.platform/Developer/usr
    export PLATFORM_DIR=/Applications/Xcode.app/Contents/Developer/Platforms/iPhoneSimulator.platform
    export PLATFORM_DISPLAY_NAME="iOS Simulator"
    export PLATFORM_FAMILY_NAME=iOS
    export PLATFORM_NAME=iphonesimulator
    export PLATFORM_PREFERRED_ARCH=x86_64
    export PLATFORM_PRODUCT_BUILD_VERSION=17E255
    export PLIST_FILE_OUTPUT_FORMAT=binary
    export PLUGINS_FOLDER_PATH=pets.app/PlugIns
    export PRECOMPS_INCLUDE_HEADERS_FROM_BUILT_PRODUCTS_DIR=YES
    export PRECOMP_DESTINATION_DIR=/Users/matheussilva/Library/Developer/Xcode/DerivedData/pets-aeusqzhpvglgryachvpobddibkxd/Build/Intermediates.noindex/pets.build/Debug-iphonesimulator/pets.build/PrefixHeaders
    export PRESERVE_DEAD_CODE_INITS_AND_TERMS=NO
    export PRIVATE_HEADERS_FOLDER_PATH=pets.app/PrivateHeaders
    export PRODUCT_BUNDLE_IDENTIFIER=maatheusgois.pets
    export PRODUCT_BUNDLE_PACKAGE_TYPE=APPL
    export PRODUCT_MODULE_NAME=pets
    export PRODUCT_NAME=pets
    export PRODUCT_SETTINGS_PATH=/Users/matheussilva/repos/pets/app/pets/pets/Info.plist
    export PRODUCT_TYPE=com.apple.product-type.application
    export PROFILING_CODE=NO
    export PROJECT=pets
    export PROJECT_DERIVED_FILE_DIR=/Users/matheussilva/Library/Developer/Xcode/DerivedData/pets-aeusqzhpvglgryachvpobddibkxd/Build/Intermediates.noindex/pets.build/DerivedSources
    export PROJECT_DIR=/Users/matheussilva/repos/pets/app/pets
    export PROJECT_FILE_PATH=/Users/matheussilva/repos/pets/app/pets/pets.xcodeproj
    export PROJECT_NAME=pets
    export PROJECT_TEMP_DIR=/Users/matheussilva/Library/Developer/Xcode/DerivedData/pets-aeusqzhpvglgryachvpobddibkxd/Build/Intermediates.noindex/pets.build
    export PROJECT_TEMP_ROOT=/Users/matheussilva/Library/Developer/Xcode/DerivedData/pets-aeusqzhpvglgryachvpobddibkxd/Build/Intermediates.noindex
    export PROVISIONING_PROFILE_SPECIFIER="match Development maatheusgois.pets"
    export PUBLIC_HEADERS_FOLDER_PATH=pets.app/Headers
    export RECURSIVE_SEARCH_PATHS_FOLLOW_SYMLINKS=YES
    export REMOVE_CVS_FROM_RESOURCES=YES
    export REMOVE_GIT_FROM_RESOURCES=YES
    export REMOVE_HEADERS_FROM_EMBEDDED_BUNDLES=YES
    export REMOVE_HG_FROM_RESOURCES=YES
    export REMOVE_SVN_FROM_RESOURCES=YES
    export REZ_COLLECTOR_DIR=/Users/matheussilva/Library/Developer/Xcode/DerivedData/pets-aeusqzhpvglgryachvpobddibkxd/Build/Intermediates.noindex/pets.build/Debug-iphonesimulator/pets.build/ResourceManagerResources
    export REZ_OBJECTS_DIR=/Users/matheussilva/Library/Developer/Xcode/DerivedData/pets-aeusqzhpvglgryachvpobddibkxd/Build/Intermediates.noindex/pets.build/Debug-iphonesimulator/pets.build/ResourceManagerResources/Objects
    export REZ_SEARCH_PATHS="/Users/matheussilva/Library/Developer/Xcode/DerivedData/pets-aeusqzhpvglgryachvpobddibkxd/Build/Products/Debug-iphonesimulator "
    export SCAN_ALL_SOURCE_FILES_FOR_INCLUDES=NO
    export SCRIPTS_FOLDER_PATH=pets.app/Scripts
    export SCRIPT_INPUT_FILE_COUNT=0
    export SCRIPT_INPUT_FILE_LIST_COUNT=0
    export SCRIPT_OUTPUT_FILE_COUNT=0
    export SCRIPT_OUTPUT_FILE_LIST_COUNT=0
    export SDKROOT=/Applications/Xcode.app/Contents/Developer/Platforms/iPhoneSimulator.platform/Developer/SDKs/iPhoneSimulator13.4.sdk
    export SDK_DIR=/Applications/Xcode.app/Contents/Developer/Platforms/iPhoneSimulator.platform/Developer/SDKs/iPhoneSimulator13.4.sdk
    export SDK_DIR_iphonesimulator13_4=/Applications/Xcode.app/Contents/Developer/Platforms/iPhoneSimulator.platform/Developer/SDKs/iPhoneSimulator13.4.sdk
    export SDK_NAME=iphonesimulator13.4
    export SDK_NAMES=iphonesimulator13.4
    export SDK_PRODUCT_BUILD_VERSION=17E255
    export SDK_VERSION=13.4
    export SDK_VERSION_ACTUAL=130400
    export SDK_VERSION_MAJOR=130000
    export SDK_VERSION_MINOR=400
    export SED=/usr/bin/sed
    export SEPARATE_STRIP=NO
    export SEPARATE_SYMBOL_EDIT=NO
    export SET_DIR_MODE_OWNER_GROUP=YES
    export SET_FILE_MODE_OWNER_GROUP=NO
    export SHALLOW_BUNDLE=YES
    export SHARED_DERIVED_FILE_DIR=/Users/matheussilva/Library/Developer/Xcode/DerivedData/pets-aeusqzhpvglgryachvpobddibkxd/Build/Products/Debug-iphonesimulator/DerivedSources
    export SHARED_FRAMEWORKS_FOLDER_PATH=pets.app/SharedFrameworks
    export SHARED_PRECOMPS_DIR=/Users/matheussilva/Library/Developer/Xcode/DerivedData/pets-aeusqzhpvglgryachvpobddibkxd/Build/Intermediates.noindex/PrecompiledHeaders
    export SHARED_SUPPORT_FOLDER_PATH=pets.app/SharedSupport
    export SKIP_INSTALL=NO
    export SOURCE_ROOT=/Users/matheussilva/repos/pets/app/pets
    export SRCROOT=/Users/matheussilva/repos/pets/app/pets
    export STRINGS_FILE_OUTPUT_ENCODING=binary
    export STRIP_BITCODE_FROM_COPIED_FILES=NO
    export STRIP_INSTALLED_PRODUCT=YES
    export STRIP_STYLE=all
    export STRIP_SWIFT_SYMBOLS=YES
    export SUPPORTED_DEVICE_FAMILIES=1,2
    export SUPPORTED_PLATFORMS="iphoneos iphonesimulator"
    export SUPPORTS_TEXT_BASED_API=NO
    export SWIFT_ACTIVE_COMPILATION_CONDITIONS=DEBUG
    export SWIFT_OPTIMIZATION_LEVEL=-Onone
    export SWIFT_PLATFORM_TARGET_PREFIX=ios
    export SWIFT_RESPONSE_FILE_PATH_normal_x86_64=/Users/matheussilva/Library/Developer/Xcode/DerivedData/pets-aeusqzhpvglgryachvpobddibkxd/Build/Intermediates.noindex/pets.build/Debug-iphonesimulator/pets.build/Objects-normal/x86_64/pets.SwiftFileList
    export SWIFT_VERSION=5.0
    export SYMROOT=/Users/matheussilva/Library/Developer/Xcode/DerivedData/pets-aeusqzhpvglgryachvpobddibkxd/Build/Products
    export SYSTEM_ADMIN_APPS_DIR=/Applications/Utilities
    export SYSTEM_APPS_DIR=/Applications
    export SYSTEM_CORE_SERVICES_DIR=/System/Library/CoreServices
    export SYSTEM_DEMOS_DIR=/Applications/Extras
    export SYSTEM_DEVELOPER_APPS_DIR=/Applications/Xcode.app/Contents/Developer/Applications
    export SYSTEM_DEVELOPER_BIN_DIR=/Applications/Xcode.app/Contents/Developer/usr/bin
    export SYSTEM_DEVELOPER_DEMOS_DIR="/Applications/Xcode.app/Contents/Developer/Applications/Utilities/Built Examples"
    export SYSTEM_DEVELOPER_DIR=/Applications/Xcode.app/Contents/Developer
    export SYSTEM_DEVELOPER_DOC_DIR="/Applications/Xcode.app/Contents/Developer/ADC Reference Library"
    export SYSTEM_DEVELOPER_GRAPHICS_TOOLS_DIR="/Applications/Xcode.app/Contents/Developer/Applications/Graphics Tools"
    export SYSTEM_DEVELOPER_JAVA_TOOLS_DIR="/Applications/Xcode.app/Contents/Developer/Applications/Java Tools"
    export SYSTEM_DEVELOPER_PERFORMANCE_TOOLS_DIR="/Applications/Xcode.app/Contents/Developer/Applications/Performance Tools"
    export SYSTEM_DEVELOPER_RELEASENOTES_DIR="/Applications/Xcode.app/Contents/Developer/ADC Reference Library/releasenotes"
    export SYSTEM_DEVELOPER_TOOLS=/Applications/Xcode.app/Contents/Developer/Tools
    export SYSTEM_DEVELOPER_TOOLS_DOC_DIR="/Applications/Xcode.app/Contents/Developer/ADC Reference Library/documentation/DeveloperTools"
    export SYSTEM_DEVELOPER_TOOLS_RELEASENOTES_DIR="/Applications/Xcode.app/Contents/Developer/ADC Reference Library/releasenotes/DeveloperTools"
    export SYSTEM_DEVELOPER_USR_DIR=/Applications/Xcode.app/Contents/Developer/usr
    export SYSTEM_DEVELOPER_UTILITIES_DIR=/Applications/Xcode.app/Contents/Developer/Applications/Utilities
    export SYSTEM_DEXT_INSTALL_PATH=/System/Library/DriverExtensions
    export SYSTEM_DOCUMENTATION_DIR=/Library/Documentation
    export SYSTEM_KEXT_INSTALL_PATH=/System/Library/Extensions
    export SYSTEM_LIBRARY_DIR=/System/Library
    export TAPI_VERIFY_MODE=ErrorsOnly
    export TARGETED_DEVICE_FAMILY=1
    export TARGETNAME=pets
    export TARGET_BUILD_DIR=/Users/matheussilva/Library/Developer/Xcode/DerivedData/pets-aeusqzhpvglgryachvpobddibkxd/Build/Products/Debug-iphonesimulator
    export TARGET_DEVICE_IDENTIFIER=6A939FD8-7B07-4010-A016-29F2BE94A51F
    export TARGET_DEVICE_MODEL=iPhone12,1
    export TARGET_DEVICE_OS_VERSION=13.4
    export TARGET_NAME=pets
    export TARGET_TEMP_DIR=/Users/matheussilva/Library/Developer/Xcode/DerivedData/pets-aeusqzhpvglgryachvpobddibkxd/Build/Intermediates.noindex/pets.build/Debug-iphonesimulator/pets.build
    export TEMP_DIR=/Users/matheussilva/Library/Developer/Xcode/DerivedData/pets-aeusqzhpvglgryachvpobddibkxd/Build/Intermediates.noindex/pets.build/Debug-iphonesimulator/pets.build
    export TEMP_FILES_DIR=/Users/matheussilva/Library/Developer/Xcode/DerivedData/pets-aeusqzhpvglgryachvpobddibkxd/Build/Intermediates.noindex/pets.build/Debug-iphonesimulator/pets.build
    export TEMP_FILE_DIR=/Users/matheussilva/Library/Developer/Xcode/DerivedData/pets-aeusqzhpvglgryachvpobddibkxd/Build/Intermediates.noindex/pets.build/Debug-iphonesimulator/pets.build
    export TEMP_ROOT=/Users/matheussilva/Library/Developer/Xcode/DerivedData/pets-aeusqzhpvglgryachvpobddibkxd/Build/Intermediates.noindex
    export TEST_FRAMEWORK_SEARCH_PATHS=" /Applications/Xcode.app/Contents/Developer/Platforms/iPhoneSimulator.platform/Developer/Library/Frameworks"
    export TEST_LIBRARY_SEARCH_PATHS=" /Applications/Xcode.app/Contents/Developer/Platforms/iPhoneSimulator.platform/Developer/usr/lib"
    export TOOLCHAINS=com.apple.dt.toolchain.XcodeDefault
    export TOOLCHAIN_DIR=/Applications/Xcode.app/Contents/Developer/Toolchains/XcodeDefault.xctoolchain
    export TREAT_MISSING_BASELINES_AS_TEST_FAILURES=NO
    export TeamIdentifierPrefix=CTAFH43K36.
    export UID=501
    export UNLOCALIZED_RESOURCES_FOLDER_PATH=pets.app
    export UNSTRIPPED_PRODUCT=NO
    export USER=matheussilva
    export USER_APPS_DIR=/Users/matheussilva/Applications
    export USER_LIBRARY_DIR=/Users/matheussilva/Library
    export USE_DYNAMIC_NO_PIC=YES
    export USE_HEADERMAP=YES
    export USE_HEADER_SYMLINKS=NO
    export USE_LLVM_TARGET_TRIPLES=YES
    export USE_LLVM_TARGET_TRIPLES_FOR_CLANG=YES
    export USE_LLVM_TARGET_TRIPLES_FOR_LD=YES
    export USE_LLVM_TARGET_TRIPLES_FOR_TAPI=YES
    export VALIDATE_DEVELOPMENT_ASSET_PATHS=YES_ERROR
    export VALIDATE_PRODUCT=NO
    export VALIDATE_WORKSPACE=YES_ERROR
    export VALID_ARCHS="i386 x86_64"
    export VERBOSE_PBXCP=NO
    export VERSIONING_SYSTEM=apple-generic
    export VERSIONPLIST_PATH=pets.app/version.plist
    export VERSION_INFO_BUILDER=matheussilva
    export VERSION_INFO_FILE=pets_vers.c
    export VERSION_INFO_STRING=""@(#)PROGRAM:pets  PROJECT:pets-23""
    export WRAPPER_EXTENSION=app
    export WRAPPER_NAME=pets.app
    export WRAPPER_SUFFIX=.app
    export WRAP_ASSET_PACKS_IN_SEPARATE_DIRECTORIES=NO
    export XCODE_APP_SUPPORT_DIR=/Applications/Xcode.app/Contents/Developer/Library/Xcode
    export XCODE_PRODUCT_BUILD_VERSION=11E146
    export XCODE_VERSION_ACTUAL=1140
    export XCODE_VERSION_MAJOR=1100
    export XCODE_VERSION_MINOR=1140
    export XPCSERVICES_FOLDER_PATH=pets.app/XPCServices
    export YACC=yacc
    export arch=undefined_arch
    export variant=normal
    /bin/sh -c /Users/matheussilva/Library/Developer/Xcode/DerivedData/pets-aeusqzhpvglgryachvpobddibkxd/Build/Intermediates.noindex/pets.build/Debug-iphonesimulator/pets.build/Script-8264D9582441DFB000372A90.sh
Loading configuration from '.swiftlint.yml'
configuration error: 'alphanumeric' is not a valid rule identifier
Valid rule identifiers:
anyobject_protocol
array_init
attributes
block_based_kvo
class_delegate_protocol
closing_brace
closure_body_length
closure_end_indentation
closure_parameter_position
closure_spacing
collection_alignment
colon
comma
compiler_protocol_init
conditional_returns_on_newline
contains_over_first_not_nil
control_statement
convenience_type
custom_rules
cyclomatic_complexity
deployment_target
discarded_notification_center_observer
discouraged_direct_init
discouraged_object_literal
discouraged_optional_boolean
discouraged_optional_collection
duplicate_enum_cases
duplicate_imports
dynamic_inline
empty_count
empty_enum_arguments
empty_parameters
empty_parentheses_with_trailing_closure
empty_string
empty_xctest_method
explicit_acl
explicit_enum_raw_value
explicit_init
explicit_self
explicit_top_level_acl
explicit_type_interface
extension_access_modifier
fallthrough
fatal_error_message
file_header
file_length
file_name
file_types_order
first_where
for_where
force_cast
force_try
force_unwrapping
function_body_length
function_default_parameter_at_end
function_parameter_count
generic_type_name
identical_operands
identifier_name
implicit_getter
implicit_return
implicitly_unwrapped_optional
inert_defer
is_disjoint
joined_default_parameter
large_tuple
last_where
leading_whitespace
legacy_cggeometry_functions
legacy_constant
legacy_constructor
legacy_hashing
legacy_multiple
legacy_nsgeometry_functions
legacy_random
let_var_whitespace
line_length
literal_expression_end_indentation
lower_acl_than_parent
mark
missing_docs
modifier_order
multiline_arguments
multiline_arguments_brackets
multiline_function_chains
multiline_literal_brackets
multiline_parameters
multiline_parameters_brackets
multiple_closures_with_trailing_closure
nesting
nimble_operator
no_extension_access_modifier
no_fallthrough_only
no_grouping_extension
notification_center_detachment
nslocalizedstring_key
nslocalizedstring_require_bundle
nsobject_prefer_isequal
number_separator
object_literal
opening_brace
operator_usage_whitespace
operator_whitespace
overridden_super_call
override_in_extension
pattern_matching_keywords
prefixed_toplevel_constant
private_action
private_outlet
private_over_fileprivate
private_unit_test
prohibited_interface_builder
prohibited_super_call
protocol_property_accessors_order
quick_discouraged_call
quick_discouraged_focused_test
quick_discouraged_pending_test
reduce_boolean
reduce_into
redundant_discardable_let
redundant_nil_coalescing
redundant_objc_attribute
redundant_optional_initialization
redundant_set_access_control
redundant_string_enum_value
redundant_type_annotation
redundant_void_return
required_deinit
required_enum_case
return_arrow_whitespace
shorthand_operator
single_test_class
sorted_first_last
sorted_imports
statement_position
static_operator
strict_fileprivate
strong_iboutlet
superfluous_disable_command
switch_case_alignment
switch_case_on_newline
syntactic_sugar
todo
toggle_bool
trailing_closure
trailing_comma
trailing_newline
trailing_semicolon
trailing_whitespace
type_body_length
type_contents_order
type_name
unavailable_function
unneeded_break_in_switch
unneeded_parentheses_in_closure_argument
unowned_variable_capture
untyped_error_in_catch
unused_capture_list
unused_closure_parameter
unused_control_flow_label
unused_declaration
unused_enumerated
unused_import
unused_optional_binding
unused_setter_value
valid_ibinspectable
vertical_parameter_alignment
vertical_parameter_alignment_on_call
vertical_whitespace
vertical_whitespace_between_cases
vertical_whitespace_closing_braces
vertical_whitespace_opening_braces
void_return
weak_delegate
xct_specific_matcher
xctfail_message
yoda_condition
Linting Swift files at paths 
Linting 'UIImageDownload.swift' (1/51)
Linting 'PetsTests.swift' (2/51)
Linting 'UIView.swift' (3/51)
Linting 'String.swift' (4/51)
Linting 'Date.swift' (5/51)
Linting 'PersonNameComponents.swift' (6/51)
Linting 'ViewController.swift' (7/51)
Linting 'Spinner.swift' (8/51)
Linting 'UserDefaults.swift' (9/51)
Linting 'UIAlert.swift' (10/51)
Linting 'DetailPetViewController.swift' (11/51)
Linting 'VaccineCellDelegate.swift' (12/51)
Linting 'VaccineCellDataSource.swift' (13/51)
Linting 'PetCreateViewController.swift' (14/51)
/Users/matheussilva/repos/pets/app/pets/pets/Extension/UIImageDownload.swift:38:11: warning: Todo Violation: TODOs should be resolved (- CHANGE THIS URL). (todo)
Linting 'GenderDataSource.swift' (15/51)
Linting 'GenderDelegate.swift' (16/51)
Linting 'AgeDelegate.swift' (17/51)
Linting 'AgeDataSource.swift' (18/51)
Linting 'RegisterPersonViewController.swift' (19/51)
Linting 'LoginViewController.swift' (20/51)
Linting 'CreateVaccineViewController.swift' (21/51)
Linting 'MainViewController.swift' (22/51)
Linting 'PetsDataSource.swift' (23/51)
Linting 'PetsDelegate.swift' (24/51)
Linting 'CommonData.swift' (25/51)
Linting 'EventManager.swift' (26/51)
Linting 'ImagePicker.swift' (27/51)
Linting 'ServerAnswer.swift' (28/51)
Linting 'APIRequests.swift' (29/51)
Linting 'Extensions.swift' (30/51)
Linting 'NotURLProtocol.swift' (31/51)
Linting 'Person.swift' (32/51)
Linting 'PersonHandler.swift' (33/51)
Linting 'User.swift' (34/51)
Linting 'UserHandler.swift' (35/51)
/Users/matheussilva/repos/pets/app/pets/pets/Manager/EventManager.swift:15:21: warning: Syntactic Sugar Violation: Shorthand syntactic sugar should be used, i.e. [String: Int] instead of Dictionary<String, Int>. (syntactic_sugar)
Linting 'PetHandler.swift' (36/51)
Linting 'Pet.swift' (37/51)
Linting 'VaccineHandler.swift' (38/51)
Linting 'Vaccine.swift' (39/51)
Linting 'ImageHandler.swift' (40/51)
Linting 'PetCell.swift' (41/51)
Linting 'VaccineCell.swift' (42/51)
Linting 'Environment.swift' (43/51)
Linting 'AppDelegate.swift' (44/51)
Linting 'SceneDelegate.swift' (45/51)
Linting 'TextFieldWithReturn.swift' (46/51)
Linting 'PetsUITests.swift' (47/51)
Linting 'SnapshotHelper.swift' (48/51)
Linting 'PetEntity+CoreDataProperties.swift' (49/51)
Linting 'PetEntity+CoreDataClass.swift' (50/51)
Linting 'Pets+CoreDataModel.swift' (51/51)
Done linting! Found 2 violations, 0 serious in 51 files.

ProcessInfoPlistFile /Users/matheussilva/Library/Developer/Xcode/DerivedData/pets-aeusqzhpvglgryachvpobddibkxd/Build/Products/Debug-iphonesimulator/pets.app/Info.plist /Users/matheussilva/repos/pets/app/pets/pets/Info.plist (in target 'pets' from project 'pets')
    cd /Users/matheussilva/repos/pets/app/pets
    builtin-infoPlistUtility /Users/matheussilva/repos/pets/app/pets/pets/Info.plist -producttype com.apple.product-type.application -genpkginfo /Users/matheussilva/Library/Developer/Xcode/DerivedData/pets-aeusqzhpvglgryachvpobddibkxd/Build/Products/Debug-iphonesimulator/pets.app/PkgInfo -expandbuildsettings -format binary -platform iphonesimulator -additionalcontentfile /Users/matheussilva/Library/Developer/Xcode/DerivedData/pets-aeusqzhpvglgryachvpobddibkxd/Build/Intermediates.noindex/pets.build/Debug-iphonesimulator/pets.build/Base.lproj/LaunchScreen-SBPartialInfo.plist -additionalcontentfile /Users/matheussilva/Library/Developer/Xcode/DerivedData/pets-aeusqzhpvglgryachvpobddibkxd/Build/Intermediates.noindex/pets.build/Debug-iphonesimulator/pets.build/PetCell-PartialInfo.plist -additionalcontentfile /Users/matheussilva/Library/Developer/Xcode/DerivedData/pets-aeusqzhpvglgryachvpobddibkxd/Build/Intermediates.noindex/pets.build/Debug-iphonesimulator/pets.build/Base.lproj/Main-SBPartialInfo.plist -additionalcontentfile /Users/matheussilva/Library/Developer/Xcode/DerivedData/pets-aeusqzhpvglgryachvpobddibkxd/Build/Intermediates.noindex/pets.build/Debug-iphonesimulator/pets.build/VaccineCell-PartialInfo.plist -additionalcontentfile /Users/matheussilva/Library/Developer/Xcode/DerivedData/pets-aeusqzhpvglgryachvpobddibkxd/Build/Intermediates.noindex/pets.build/Debug-iphonesimulator/pets.build/assetcatalog_generated_info.plist -o /Users/matheussilva/Library/Developer/Xcode/DerivedData/pets-aeusqzhpvglgryachvpobddibkxd/Build/Products/Debug-iphonesimulator/pets.app/Info.plist

CopySwiftLibs /Users/matheussilva/Library/Developer/Xcode/DerivedData/pets-aeusqzhpvglgryachvpobddibkxd/Build/Products/Debug-iphonesimulator/pets.app (in target 'pets' from project 'pets')
    cd /Users/matheussilva/repos/pets/app/pets
    export CODESIGN_ALLOCATE=/Applications/Xcode.app/Contents/Developer/Toolchains/XcodeDefault.xctoolchain/usr/bin/codesign_allocate
    export DEVELOPER_DIR=/Applications/Xcode.app/Contents/Developer
    export SDKROOT=/Applications/Xcode.app/Contents/Developer/Platforms/iPhoneSimulator.platform/Developer/SDKs/iPhoneSimulator13.4.sdk
    builtin-swiftStdLibTool --copy --verbose --sign - --scan-executable /Users/matheussilva/Library/Developer/Xcode/DerivedData/pets-aeusqzhpvglgryachvpobddibkxd/Build/Products/Debug-iphonesimulator/pets.app/pets --scan-folder /Users/matheussilva/Library/Developer/Xcode/DerivedData/pets-aeusqzhpvglgryachvpobddibkxd/Build/Products/Debug-iphonesimulator/pets.app/Frameworks --scan-folder /Users/matheussilva/Library/Developer/Xcode/DerivedData/pets-aeusqzhpvglgryachvpobddibkxd/Build/Products/Debug-iphonesimulator/pets.app/PlugIns --platform iphonesimulator --toolchain /Applications/Xcode.app/Contents/Developer/Toolchains/XcodeDefault.xctoolchain --destination /Users/matheussilva/Library/Developer/Xcode/DerivedData/pets-aeusqzhpvglgryachvpobddibkxd/Build/Products/Debug-iphonesimulator/pets.app/Frameworks --strip-bitcode --strip-bitcode-tool /Applications/Xcode.app/Contents/Developer/Toolchains/XcodeDefault.xctoolchain/usr/bin/bitcode_strip --emit-dependency-info /Users/matheussilva/Library/Developer/Xcode/DerivedData/pets-aeusqzhpvglgryachvpobddibkxd/Build/Intermediates.noindex/pets.build/Debug-iphonesimulator/pets.build/SwiftStdLibToolInputDependencies.dep --filter-for-swift-os

ProcessProductPackaging "" /Users/matheussilva/Library/Developer/Xcode/DerivedData/pets-aeusqzhpvglgryachvpobddibkxd/Build/Intermediates.noindex/pets.build/Debug-iphonesimulator/petsUITests.build/petsUITests.xctest.xcent (in target 'petsUITests' from project 'pets')
    cd /Users/matheussilva/repos/pets/app/pets
    

Entitlements:

{
    "com.apple.security.get-task-allow" = 1;
}


    builtin-productPackagingUtility -entitlements -format xml -o /Users/matheussilva/Library/Developer/Xcode/DerivedData/pets-aeusqzhpvglgryachvpobddibkxd/Build/Intermediates.noindex/pets.build/Debug-iphonesimulator/petsUITests.build/petsUITests.xctest.xcent

ProcessProductPackaging "" /Users/matheussilva/Library/Developer/Xcode/DerivedData/pets-aeusqzhpvglgryachvpobddibkxd/Build/Intermediates.noindex/pets.build/Debug-iphonesimulator/petsUITests.build/petsUITests.xctest-Simulated.xcent (in target 'petsUITests' from project 'pets')
    cd /Users/matheussilva/repos/pets/app/pets
    

Entitlements:

{
    "application-identifier" = "CTAFH43K36.maathuesgois.petsUITests.xctrunner";
    "keychain-access-groups" =     (
        "CTAFH43K36.maathuesgois.petsUITests.xctrunner"
    );
}


    builtin-productPackagingUtility -entitlements -format xml -o /Users/matheussilva/Library/Developer/Xcode/DerivedData/pets-aeusqzhpvglgryachvpobddibkxd/Build/Intermediates.noindex/pets.build/Debug-iphonesimulator/petsUITests.build/petsUITests.xctest-Simulated.xcent

CodeSign /Users/matheussilva/Library/Developer/Xcode/DerivedData/pets-aeusqzhpvglgryachvpobddibkxd/Build/Products/Debug-iphonesimulator/pets.app (in target 'pets' from project 'pets')
    cd /Users/matheussilva/repos/pets/app/pets
    export CODESIGN_ALLOCATE=/Applications/Xcode.app/Contents/Developer/Toolchains/XcodeDefault.xctoolchain/usr/bin/codesign_allocate
    
Signing Identity:     "-"

    /usr/bin/codesign --force --sign - --entitlements /Users/matheussilva/Library/Developer/Xcode/DerivedData/pets-aeusqzhpvglgryachvpobddibkxd/Build/Intermediates.noindex/pets.build/Debug-iphonesimulator/pets.build/pets.app.xcent --timestamp=none /Users/matheussilva/Library/Developer/Xcode/DerivedData/pets-aeusqzhpvglgryachvpobddibkxd/Build/Products/Debug-iphonesimulator/pets.app

ProcessProductPackaging "" /Users/matheussilva/Library/Developer/Xcode/DerivedData/pets-aeusqzhpvglgryachvpobddibkxd/Build/Intermediates.noindex/pets.build/Debug-iphonesimulator/petsTests.build/petsTests.xctest-Simulated.xcent (in target 'petsTests' from project 'pets')
    cd /Users/matheussilva/repos/pets/app/pets
    

Entitlements:

{
    "application-identifier" = "CTAFH43K36.maathuesgois.petsTests";
    "keychain-access-groups" =     (
        "CTAFH43K36.maathuesgois.petsTests"
    );
}


    builtin-productPackagingUtility -entitlements -format xml -o /Users/matheussilva/Library/Developer/Xcode/DerivedData/pets-aeusqzhpvglgryachvpobddibkxd/Build/Intermediates.noindex/pets.build/Debug-iphonesimulator/petsTests.build/petsTests.xctest-Simulated.xcent

Ld /Users/matheussilva/Library/Developer/Xcode/DerivedData/pets-aeusqzhpvglgryachvpobddibkxd/Build/Products/Debug-iphonesimulator/petsUITests-Runner.app/PlugIns/petsUITests.xctest/petsUITests normal x86_64 (in target 'petsUITests' from project 'pets')
    cd /Users/matheussilva/repos/pets/app/pets
    /Applications/Xcode.app/Contents/Developer/Toolchains/XcodeDefault.xctoolchain/usr/bin/clang -target x86_64-apple-ios13.0-simulator -bundle -isysroot /Applications/Xcode.app/Contents/Developer/Platforms/iPhoneSimulator.platform/Developer/SDKs/iPhoneSimulator13.4.sdk -L/Users/matheussilva/Library/Developer/Xcode/DerivedData/pets-aeusqzhpvglgryachvpobddibkxd/Build/Products/Debug-iphonesimulator -L/Applications/Xcode.app/Contents/Developer/Platforms/iPhoneSimulator.platform/Developer/usr/lib -F/Users/matheussilva/Library/Developer/Xcode/DerivedData/pets-aeusqzhpvglgryachvpobddibkxd/Build/Products/Debug-iphonesimulator -iframework /Applications/Xcode.app/Contents/Developer/Platforms/iPhoneSimulator.platform/Developer/Library/Frameworks -L/Applications/Xcode.app/Contents/Developer/Platforms/iPhoneSimulator.platform/Developer/usr/lib -F/Applications/Xcode.app/Contents/Developer/Platforms/iPhoneSimulator.platform/Developer/Library/Frameworks -filelist /Users/matheussilva/Library/Developer/Xcode/DerivedData/pets-aeusqzhpvglgryachvpobddibkxd/Build/Intermediates.noindex/pets.build/Debug-iphonesimulator/petsUITests.build/Objects-normal/x86_64/petsUITests.LinkFileList -Xlinker -rpath -Xlinker @executable_path/Frameworks -Xlinker -rpath -Xlinker @loader_path/Frameworks -dead_strip -Xlinker -object_path_lto -Xlinker /Users/matheussilva/Library/Developer/Xcode/DerivedData/pets-aeusqzhpvglgryachvpobddibkxd/Build/Intermediates.noindex/pets.build/Debug-iphonesimulator/petsUITests.build/Objects-normal/x86_64/petsUITests_lto.o -Xlinker -export_dynamic -Xlinker -no_deduplicate -Xlinker -objc_abi_version -Xlinker 2 -fprofile-instr-generate -fobjc-link-runtime -L/Applications/Xcode.app/Contents/Developer/Toolchains/XcodeDefault.xctoolchain/usr/lib/swift/iphonesimulator -L/usr/lib/swift -Xlinker -add_ast_path -Xlinker /Users/matheussilva/Library/Developer/Xcode/DerivedData/pets-aeusqzhpvglgryachvpobddibkxd/Build/Intermediates.noindex/pets.build/Debug-iphonesimulator/petsUITests.build/Objects-normal/x86_64/petsUITests.swiftmodule -framework XCTest -Xlinker -sectcreate -Xlinker __TEXT -Xlinker __entitlements -Xlinker /Users/matheussilva/Library/Developer/Xcode/DerivedData/pets-aeusqzhpvglgryachvpobddibkxd/Build/Intermediates.noindex/pets.build/Debug-iphonesimulator/petsUITests.build/petsUITests.xctest-Simulated.xcent -Xlinker -dependency_info -Xlinker /Users/matheussilva/Library/Developer/Xcode/DerivedData/pets-aeusqzhpvglgryachvpobddibkxd/Build/Intermediates.noindex/pets.build/Debug-iphonesimulator/petsUITests.build/Objects-normal/x86_64/petsUITests_dependency_info.dat -o /Users/matheussilva/Library/Developer/Xcode/DerivedData/pets-aeusqzhpvglgryachvpobddibkxd/Build/Products/Debug-iphonesimulator/petsUITests-Runner.app/PlugIns/petsUITests.xctest/petsUITests

Ld /Users/matheussilva/Library/Developer/Xcode/DerivedData/pets-aeusqzhpvglgryachvpobddibkxd/Build/Products/Debug-iphonesimulator/pets.app/PlugIns/petsTests.xctest/petsTests normal x86_64 (in target 'petsTests' from project 'pets')
    cd /Users/matheussilva/repos/pets/app/pets
    /Applications/Xcode.app/Contents/Developer/Toolchains/XcodeDefault.xctoolchain/usr/bin/clang -target x86_64-apple-ios13.2-simulator -bundle -isysroot /Applications/Xcode.app/Contents/Developer/Platforms/iPhoneSimulator.platform/Developer/SDKs/iPhoneSimulator13.4.sdk -L/Users/matheussilva/Library/Developer/Xcode/DerivedData/pets-aeusqzhpvglgryachvpobddibkxd/Build/Products/Debug-iphonesimulator -L/Applications/Xcode.app/Contents/Developer/Platforms/iPhoneSimulator.platform/Developer/usr/lib -F/Users/matheussilva/Library/Developer/Xcode/DerivedData/pets-aeusqzhpvglgryachvpobddibkxd/Build/Products/Debug-iphonesimulator -iframework /Applications/Xcode.app/Contents/Developer/Platforms/iPhoneSimulator.platform/Developer/Library/Frameworks -L/Applications/Xcode.app/Contents/Developer/Platforms/iPhoneSimulator.platform/Developer/usr/lib -F/Applications/Xcode.app/Contents/Developer/Platforms/iPhoneSimulator.platform/Developer/Library/Frameworks -filelist /Users/matheussilva/Library/Developer/Xcode/DerivedData/pets-aeusqzhpvglgryachvpobddibkxd/Build/Intermediates.noindex/pets.build/Debug-iphonesimulator/petsTests.build/Objects-normal/x86_64/petsTests.LinkFileList -Xlinker -rpath -Xlinker @executable_path/Frameworks -Xlinker -rpath -Xlinker @loader_path/Frameworks -dead_strip -bundle_loader /Users/matheussilva/Library/Developer/Xcode/DerivedData/pets-aeusqzhpvglgryachvpobddibkxd/Build/Products/Debug-iphonesimulator/pets.app/pets -Xlinker -object_path_lto -Xlinker /Users/matheussilva/Library/Developer/Xcode/DerivedData/pets-aeusqzhpvglgryachvpobddibkxd/Build/Intermediates.noindex/pets.build/Debug-iphonesimulator/petsTests.build/Objects-normal/x86_64/petsTests_lto.o -Xlinker -export_dynamic -Xlinker -no_deduplicate -Xlinker -objc_abi_version -Xlinker 2 -fprofile-instr-generate -fobjc-link-runtime -L/Applications/Xcode.app/Contents/Developer/Toolchains/XcodeDefault.xctoolchain/usr/lib/swift/iphonesimulator -L/usr/lib/swift -Xlinker -add_ast_path -Xlinker /Users/matheussilva/Library/Developer/Xcode/DerivedData/pets-aeusqzhpvglgryachvpobddibkxd/Build/Intermediates.noindex/pets.build/Debug-iphonesimulator/petsTests.build/Objects-normal/x86_64/petsTests.swiftmodule -framework XCTest -Xlinker -sectcreate -Xlinker __TEXT -Xlinker __entitlements -Xlinker /Users/matheussilva/Library/Developer/Xcode/DerivedData/pets-aeusqzhpvglgryachvpobddibkxd/Build/Intermediates.noindex/pets.build/Debug-iphonesimulator/petsTests.build/petsTests.xctest-Simulated.xcent -Xlinker -dependency_info -Xlinker /Users/matheussilva/Library/Developer/Xcode/DerivedData/pets-aeusqzhpvglgryachvpobddibkxd/Build/Intermediates.noindex/pets.build/Debug-iphonesimulator/petsTests.build/Objects-normal/x86_64/petsTests_dependency_info.dat -o /Users/matheussilva/Library/Developer/Xcode/DerivedData/pets-aeusqzhpvglgryachvpobddibkxd/Build/Products/Debug-iphonesimulator/pets.app/PlugIns/petsTests.xctest/petsTests

CopySwiftLibs /Users/matheussilva/Library/Developer/Xcode/DerivedData/pets-aeusqzhpvglgryachvpobddibkxd/Build/Products/Debug-iphonesimulator/pets.app/PlugIns/petsTests.xctest (in target 'petsTests' from project 'pets')
    cd /Users/matheussilva/repos/pets/app/pets
    export CODESIGN_ALLOCATE=/Applications/Xcode.app/Contents/Developer/Toolchains/XcodeDefault.xctoolchain/usr/bin/codesign_allocate
    export DEVELOPER_DIR=/Applications/Xcode.app/Contents/Developer
    export SDKROOT=/Applications/Xcode.app/Contents/Developer/Platforms/iPhoneSimulator.platform/Developer/SDKs/iPhoneSimulator13.4.sdk
    builtin-swiftStdLibTool --copy --verbose --sign - --scan-executable /Users/matheussilva/Library/Developer/Xcode/DerivedData/pets-aeusqzhpvglgryachvpobddibkxd/Build/Products/Debug-iphonesimulator/pets.app/PlugIns/petsTests.xctest/petsTests --scan-folder /Users/matheussilva/Library/Developer/Xcode/DerivedData/pets-aeusqzhpvglgryachvpobddibkxd/Build/Products/Debug-iphonesimulator/pets.app/PlugIns/petsTests.xctest/Frameworks --scan-folder /Users/matheussilva/Library/Developer/Xcode/DerivedData/pets-aeusqzhpvglgryachvpobddibkxd/Build/Products/Debug-iphonesimulator/pets.app/PlugIns/petsTests.xctest/PlugIns --platform iphonesimulator --toolchain /Applications/Xcode.app/Contents/Developer/Toolchains/XcodeDefault.xctoolchain --destination /Users/matheussilva/Library/Developer/Xcode/DerivedData/pets-aeusqzhpvglgryachvpobddibkxd/Build/Products/Debug-iphonesimulator/pets.app/PlugIns/petsTests.xctest/Frameworks --strip-bitcode --scan-executable /Applications/Xcode.app/Contents/Developer/Platforms/iPhoneSimulator.platform/Developer/usr/lib/libXCTestSwiftSupport.dylib --strip-bitcode-tool /Applications/Xcode.app/Contents/Developer/Toolchains/XcodeDefault.xctoolchain/usr/bin/bitcode_strip --emit-dependency-info /Users/matheussilva/Library/Developer/Xcode/DerivedData/pets-aeusqzhpvglgryachvpobddibkxd/Build/Intermediates.noindex/pets.build/Debug-iphonesimulator/petsTests.build/SwiftStdLibToolInputDependencies.dep --filter-for-swift-os

ProcessInfoPlistFile /Users/matheussilva/Library/Developer/Xcode/DerivedData/pets-aeusqzhpvglgryachvpobddibkxd/Build/Products/Debug-iphonesimulator/pets.app/PlugIns/petsTests.xctest/Info.plist /Users/matheussilva/repos/pets/app/pets/petsTests/Info.plist (in target 'petsTests' from project 'pets')
    cd /Users/matheussilva/repos/pets/app/pets
    builtin-infoPlistUtility /Users/matheussilva/repos/pets/app/pets/petsTests/Info.plist -producttype com.apple.product-type.bundle.unit-test -expandbuildsettings -format binary -platform iphonesimulator -additionalcontentfile /Users/matheussilva/Library/Developer/Xcode/DerivedData/pets-aeusqzhpvglgryachvpobddibkxd/Build/Intermediates.noindex/pets.build/Debug-iphonesimulator/petsTests.build/Base.lproj/Main-SBPartialInfo.plist -o /Users/matheussilva/Library/Developer/Xcode/DerivedData/pets-aeusqzhpvglgryachvpobddibkxd/Build/Products/Debug-iphonesimulator/pets.app/PlugIns/petsTests.xctest/Info.plist

CopySwiftLibs /Users/matheussilva/Library/Developer/Xcode/DerivedData/pets-aeusqzhpvglgryachvpobddibkxd/Build/Products/Debug-iphonesimulator/petsUITests-Runner.app/PlugIns/petsUITests.xctest (in target 'petsUITests' from project 'pets')
    cd /Users/matheussilva/repos/pets/app/pets
    export CODESIGN_ALLOCATE=/Applications/Xcode.app/Contents/Developer/Toolchains/XcodeDefault.xctoolchain/usr/bin/codesign_allocate
    export DEVELOPER_DIR=/Applications/Xcode.app/Contents/Developer
    export SDKROOT=/Applications/Xcode.app/Contents/Developer/Platforms/iPhoneSimulator.platform/Developer/SDKs/iPhoneSimulator13.4.sdk
    builtin-swiftStdLibTool --copy --verbose --sign - --scan-executable /Users/matheussilva/Library/Developer/Xcode/DerivedData/pets-aeusqzhpvglgryachvpobddibkxd/Build/Products/Debug-iphonesimulator/petsUITests-Runner.app/PlugIns/petsUITests.xctest/petsUITests --scan-folder /Users/matheussilva/Library/Developer/Xcode/DerivedData/pets-aeusqzhpvglgryachvpobddibkxd/Build/Products/Debug-iphonesimulator/petsUITests-Runner.app/PlugIns/petsUITests.xctest/Frameworks --scan-folder /Users/matheussilva/Library/Developer/Xcode/DerivedData/pets-aeusqzhpvglgryachvpobddibkxd/Build/Products/Debug-iphonesimulator/petsUITests-Runner.app/PlugIns/petsUITests.xctest/PlugIns --platform iphonesimulator --toolchain /Applications/Xcode.app/Contents/Developer/Toolchains/XcodeDefault.xctoolchain --destination /Users/matheussilva/Library/Developer/Xcode/DerivedData/pets-aeusqzhpvglgryachvpobddibkxd/Build/Products/Debug-iphonesimulator/petsUITests-Runner.app/PlugIns/petsUITests.xctest/Frameworks --strip-bitcode --scan-executable /Applications/Xcode.app/Contents/Developer/Platforms/iPhoneSimulator.platform/Developer/usr/lib/libXCTestSwiftSupport.dylib --strip-bitcode-tool /Applications/Xcode.app/Contents/Developer/Toolchains/XcodeDefault.xctoolchain/usr/bin/bitcode_strip --emit-dependency-info /Users/matheussilva/Library/Developer/Xcode/DerivedData/pets-aeusqzhpvglgryachvpobddibkxd/Build/Intermediates.noindex/pets.build/Debug-iphonesimulator/petsUITests.build/SwiftStdLibToolInputDependencies.dep --filter-for-swift-os

ProcessInfoPlistFile /Users/matheussilva/Library/Developer/Xcode/DerivedData/pets-aeusqzhpvglgryachvpobddibkxd/Build/Products/Debug-iphonesimulator/petsUITests-Runner.app/PlugIns/petsUITests.xctest/Info.plist /Users/matheussilva/repos/pets/app/pets/petsUITests/Info.plist (in target 'petsUITests' from project 'pets')
    cd /Users/matheussilva/repos/pets/app/pets
    builtin-infoPlistUtility /Users/matheussilva/repos/pets/app/pets/petsUITests/Info.plist -producttype com.apple.product-type.bundle.ui-testing -expandbuildsettings -format binary -platform iphonesimulator -additionalcontentfile /Users/matheussilva/Library/Developer/Xcode/DerivedData/pets-aeusqzhpvglgryachvpobddibkxd/Build/Intermediates.noindex/pets.build/Debug-iphonesimulator/petsUITests.build/Base.lproj/Main-SBPartialInfo.plist -additionalcontentfile /Users/matheussilva/Library/Developer/Xcode/DerivedData/pets-aeusqzhpvglgryachvpobddibkxd/Build/Intermediates.noindex/pets.build/Debug-iphonesimulator/petsUITests.build/ProductTypeInfoPlistAdditions.plist -o /Users/matheussilva/Library/Developer/Xcode/DerivedData/pets-aeusqzhpvglgryachvpobddibkxd/Build/Products/Debug-iphonesimulator/petsUITests-Runner.app/PlugIns/petsUITests.xctest/Info.plist

CodeSign /Users/matheussilva/Library/Developer/Xcode/DerivedData/pets-aeusqzhpvglgryachvpobddibkxd/Build/Products/Debug-iphonesimulator/petsUITests-Runner.app/PlugIns/petsUITests.xctest (in target 'petsUITests' from project 'pets')
    cd /Users/matheussilva/repos/pets/app/pets
    export CODESIGN_ALLOCATE=/Applications/Xcode.app/Contents/Developer/Toolchains/XcodeDefault.xctoolchain/usr/bin/codesign_allocate
    
Signing Identity:     "-"

    /usr/bin/codesign --force --sign - --entitlements /Users/matheussilva/Library/Developer/Xcode/DerivedData/pets-aeusqzhpvglgryachvpobddibkxd/Build/Intermediates.noindex/pets.build/Debug-iphonesimulator/petsUITests.build/petsUITests.xctest.xcent --timestamp=none /Users/matheussilva/Library/Developer/Xcode/DerivedData/pets-aeusqzhpvglgryachvpobddibkxd/Build/Products/Debug-iphonesimulator/petsUITests-Runner.app/PlugIns/petsUITests.xctest

CodeSign /Users/matheussilva/Library/Developer/Xcode/DerivedData/pets-aeusqzhpvglgryachvpobddibkxd/Build/Products/Debug-iphonesimulator/pets.app/PlugIns/petsTests.xctest (in target 'petsTests' from project 'pets')
    cd /Users/matheussilva/repos/pets/app/pets
    export CODESIGN_ALLOCATE=/Applications/Xcode.app/Contents/Developer/Toolchains/XcodeDefault.xctoolchain/usr/bin/codesign_allocate
    
Signing Identity:     "-"

    /usr/bin/codesign --force --sign - --timestamp=none /Users/matheussilva/Library/Developer/Xcode/DerivedData/pets-aeusqzhpvglgryachvpobddibkxd/Build/Products/Debug-iphonesimulator/pets.app/PlugIns/petsTests.xctest

CodeSign /Users/matheussilva/Library/Developer/Xcode/DerivedData/pets-aeusqzhpvglgryachvpobddibkxd/Build/Products/Debug-iphonesimulator/petsUITests-Runner.app (in target 'petsUITests' from project 'pets')
    cd /Users/matheussilva/repos/pets/app/pets
    export CODESIGN_ALLOCATE=/Applications/Xcode.app/Contents/Developer/Toolchains/XcodeDefault.xctoolchain/usr/bin/codesign_allocate
    
Signing Identity:     "-"

    /usr/bin/codesign --force --sign - --entitlements /Users/matheussilva/Library/Developer/Xcode/DerivedData/pets-aeusqzhpvglgryachvpobddibkxd/Build/Intermediates.noindex/pets.build/Debug-iphonesimulator/petsUITests.build/petsUITests.xctest.xcent --timestamp=none /Users/matheussilva/Library/Developer/Xcode/DerivedData/pets-aeusqzhpvglgryachvpobddibkxd/Build/Products/Debug-iphonesimulator/petsUITests-Runner.app
/Users/matheussilva/Library/Developer/Xcode/DerivedData/pets-aeusqzhpvglgryachvpobddibkxd/Build/Products/Debug-iphonesimulator/petsUITests-Runner.app: replacing existing signature

2020-04-11 23:01:45.161290-0300 pets[70803:1278253] Launching with XCTest injected. Preparing to run tests.
2020-04-11 23:01:45.171133-0300 pets[70803:1278253] Waiting to run tests until the app finishes launching.
Test Suite 'All tests' started at 2020-04-11 23:01:45.490
Test Suite 'petsTests.xctest' started at 2020-04-11 23:01:45.490
Test Suite 'PetsTests' started at 2020-04-11 23:01:45.491
Test Case '-[petsTests.PetsTests testExample]' started.
Test Case '-[petsTests.PetsTests testExample]' passed (0.004 seconds).
Test Case '-[petsTests.PetsTests testPerformanceExample]' started.
/Users/matheussilva/repos/pets/app/pets/petsTests/PetsTests.swift:20: Test Case '-[petsTests.PetsTests testPerformanceExample]' measured [Time, seconds] average: 0.000, relative standard deviation: 74.106%, values: [0.000024, 0.000009, 0.000007, 0.000006, 0.000006, 0.000005, 0.000005, 0.000005, 0.000005, 0.000021], performanceMetricID:com.apple.XCTPerformanceMetric_WallClockTime, baselineName: "", baselineAverage: , maxPercentRegression: 10.000%, maxPercentRelativeStandardDeviation: 10.000%, maxRegression: 0.100, maxStandardDeviation: 0.100
Test Case '-[petsTests.PetsTests testPerformanceExample]' passed (0.322 seconds).
Test Suite 'PetsTests' passed at 2020-04-11 23:01:45.818.
	 Executed 2 tests, with 0 failures (0 unexpected) in 0.326 (0.327) seconds
Test Suite 'petsTests.xctest' passed at 2020-04-11 23:01:45.818.
	 Executed 2 tests, with 0 failures (0 unexpected) in 0.326 (0.328) seconds
Test Suite 'All tests' passed at 2020-04-11 23:01:45.819.
	 Executed 2 tests, with 0 failures (0 unexpected) in 0.326 (0.329) seconds
2020-04-11 23:01:47.443482-0300 petsUITests-Runner[70817:1279020] Running tests...
Test Suite 'All tests' started at 2020-04-11 23:01:48.014
Test Suite 'petsUITests.xctest' started at 2020-04-11 23:01:48.015
Test Suite 'PetsUITests' started at 2020-04-11 23:01:48.015
Test Case '-[petsUITests.PetsUITests testExample]' started.
    t =     0.00s Start Test at 2020-04-11 23:01:48.016
    t =     0.04s Set Up
    t =     0.05s Open maatheusgois.pets
    t =     0.08s     Launch maatheusgois.pets
    t =     0.29s         Setting up automation session
    t =     0.31s         Wait for maatheusgois.pets to idle
    t =     1.34s Find the Window
    t =     2.36s Checking `Expect predicate `exists == 0` for object Other`
    t =     2.36s     Checking existence of `Other`
    t =     2.36s         Requesting snapshot of accessibility hierarchy for app with pid 70820
    t =     2.39s         Find: Descendants matching type Other
    t =     2.39s         Find: Elements containing elements matching predicate 'BLOCKPREDICATE(0x600002aef8a0)'
2020-04-11 23:01:50.412761-0300 petsUITests-Runner[70817:1279020] snapshot: LoginView
2020-04-11 23:01:51.445401-0300 petsUITests-Runner[70817:1279020] Problem writing screenshot: LoginView to file:///Users/matheussilva/Library/Caches/tools.fastlane/screenshots//iPhone 11-LoginView.png
2020-04-11 23:01:51.449090-0300 petsUITests-Runner[70817:1279020] The file iPhone 11-LoginView.png doesnt exist.
    t =     3.43s Tear Down
Test Case '-[petsUITests.PetsUITests testExample]' passed (3.638 seconds).
Test Case '-[petsUITests.PetsUITests testLaunchPerformance]' started.
    t =     0.00s Start Test at 2020-04-11 23:01:51.656
    t =     0.03s Set Up
    t =     0.03s Open maatheusgois.pets
    t =     0.05s     Launch maatheusgois.pets
    t =     0.05s         Terminate maatheusgois.pets:70820
    t =     1.29s         Setting up automation session
    t =     1.31s         Wait for maatheusgois.pets to idle
2020-04-11 23:01:54.042827-0300 petsUITests-Runner[70817:1279051] [Default] Bad date range to search archive. Start date is Sat Apr 11 23:01:50 2020. Stop date is Sat Apr 11 23:01:55 2020.
    t =     2.80s Open maatheusgois.pets
    t =     2.82s     Launch maatheusgois.pets
    t =     2.82s         Terminate maatheusgois.pets:70823
    t =     4.07s         Setting up automation session
    t =     4.09s         Wait for maatheusgois.pets to idle
    t =     5.25s Open maatheusgois.pets
    t =     5.27s     Launch maatheusgois.pets
    t =     5.27s         Terminate maatheusgois.pets:70827
    t =     6.53s         Setting up automation session
    t =     6.55s         Wait for maatheusgois.pets to idle
    t =     7.71s Open maatheusgois.pets
    t =     7.73s     Launch maatheusgois.pets
    t =     7.73s         Terminate maatheusgois.pets:70831
    t =     8.99s         Setting up automation session
    t =     9.01s         Wait for maatheusgois.pets to idle
    t =    10.16s Open maatheusgois.pets
    t =    10.18s     Launch maatheusgois.pets
    t =    10.18s         Terminate maatheusgois.pets:70832
    t =    11.45s         Setting up automation session
    t =    11.46s         Wait for maatheusgois.pets to idle
    t =    12.60s Open maatheusgois.pets
    t =    12.62s     Launch maatheusgois.pets
    t =    12.62s         Terminate maatheusgois.pets:70833
    t =    13.86s         Setting up automation session
    t =    13.89s         Wait for maatheusgois.pets to idle
2020-04-11 23:02:06.666262-0300 petsUITests-Runner[70817:1279020] [Default] Extractor called processingCompletionBlock but self is nil!
2020-04-11 23:02:06.666667-0300 petsUITests-Runner[70817:1279020] [Default] Extractor called processingCompletionBlock but self is nil!
2020-04-11 23:02:06.667119-0300 petsUITests-Runner[70817:1279020] [Default] Extractor called processingCompletionBlock but self is nil!
2020-04-11 23:02:06.667330-0300 petsUITests-Runner[70817:1279020] [Default] Extractor called processingCompletionBlock but self is nil!
2020-04-11 23:02:06.667575-0300 petsUITests-Runner[70817:1279020] [Default] Extractor called processingCompletionBlock but self is nil!
2020-04-11 23:02:06.667757-0300 petsUITests-Runner[70817:1279020] [Default] Extractor called processingCompletionBlock but self is nil!
/Users/matheussilva/repos/pets/app/pets/petsUITests/PetsUITests.swift:37: Test Case '-[petsUITests.PetsUITests testLaunchPerformance]' measured [OS Signpost Duration (AppLaunch), s] average: 0.294, relative standard deviation: 5.651%, values: [0.306235, 0.311218, 0.304329, 0.269087, 0.279599], performanceMetricID:com.apple.dt.XCTMetric_OSSignpost-AppLaunch.duration, baselineName: "", baselineAverage: , maxPercentRegression: 10.000%, maxPercentRelativeStandardDeviation: 10.000%, maxRegression: 0.000, maxStandardDeviation: 0.000
    t =    15.05s Tear Down
Test Case '-[petsUITests.PetsUITests testLaunchPerformance]' passed (15.257 seconds).
Test Suite 'PetsUITests' passed at 2020-04-11 23:02:06.913.
	 Executed 2 tests, with 0 failures (0 unexpected) in 18.895 (18.898) seconds
Test Suite 'petsUITests.xctest' passed at 2020-04-11 23:02:06.915.
	 Executed 2 tests, with 0 failures (0 unexpected) in 18.895 (18.899) seconds
Test Suite 'All tests' passed at 2020-04-11 23:02:06.916.
	 Executed 2 tests, with 0 failures (0 unexpected) in 18.895 (18.902) seconds

Test session results, code coverage, and logs:
	/Users/matheussilva/Library/Developer/Xcode/DerivedData/pets-aeusqzhpvglgryachvpobddibkxd/Logs/Test/Test-pets-2020.04.11_23-01-29--0300.xcresult

** TEST SUCCEEDED **

Testing started on 'iPhone 11'
