SonarCloud plugins:
  - SonarCSS 1.2.0.1325 (cssfamily)
  - SonarPLSQL 3.4.1.2576 (plsql)
  - SonarScala 1.7.0.883 (sonarscala)
  - C# Code Quality and Security 8.7.0.17535 (csharp)
  - Vulnerability Analysis 8.4.0-M1.2226 (security)
  - Java Code Quality and Security 6.4.0.21967 (java)
  - SonarHTML 3.2.0.2082 (web)
  - SonarFlex 2.5.1.1831 (flex)
  - SonarXML 2.0.1.2020 (xml)
  - SonarTS 2.1.0.4359 (typescript)
  - VB.NET Code Quality and Security 8.7.0.17535 (vbnet)
  - SonarSwift 4.2.2.77 (swift)
  - CFamily Code Quality and Security 6.9.0.17076 (cpp)
  - Python Code Quality and Security 2.10.0.6571 (python)
  - JaCoCo 1.1.0.898 (jacoco)
  - Mercurial 1.1.2 (scmmercurial)
  - SonarGo 1.7.0.883 (go)
  - SonarKotlin 1.7.0.883 (kotlin)
  - SonarTSQL 1.4.0.3334 (tsql)
  - SonarApex 1.7.0.883 (sonarapex)
  - SonarJS 6.2.1.12157 (javascript)
  - SonarRuby 1.7.0.883 (ruby)
  - Vulnerability Rules for C# 8.4.0-M1.2226 (securitycsharpfrontend)
  - Vulnerability Rules for Java 8.4.0-M1.2226 (securityjavafrontend)
  - License for SonarLint 8.0.0.8217 (license)
  - SonarCOBOL 4.4.0.3403 (cobol)
  - Vulnerability Rules for Python 8.4.0-M1.2226 (securitypythonfrontend)
  - Git 1.11.1.2008 (scmgit)
  - PHP Code Quality and Security 3.4.0.5461 (php)
  - SonarABAP 3.8.0.2034 (abap)
  - Vulnerability Rules for PHP 8.4.0-M1.2226 (securityphpfrontend)
Global server settings:
  - email.from=noreply@sonarcloud.io
  - email.fromName=SonarCloud
  - email.prefix=[SonarCloud]
  - sonar.auth.bitbucket.enabled=true
  - sonar.auth.microsoft.enabled=true
  - sonar.core.id=1BD809FA-AWHW8ct9-T_TB3XqouNu
  - sonar.core.serverBaseURL=https://sonarcloud.io
  - sonar.core.startTime=2020-05-20T09:19:57+0200
  - sonar.dbcleaner.weeksBeforeDeletingAllSnapshots=480
  - sonar.dbcleaner.weeksBeforeKeepingOnlyOneSnapshotByMonth=4
  - sonar.dbcleaner.weeksBeforeKeepingOnlyOneSnapshotByWeek=1
  - sonar.feature_flag.bbc_code_reports.enabled=true
  - sonar.leak.period=30
  - sonar.lf.enableGravatar=true
  - sonar.lf.logoWidthPx=105
  - sonar.organizations.anyoneCanCreate=true
  - sonar.organizations.createPersonalOrg=true
  - sonar.plsql.file.suffixes=sql,tab,pkb
  - sonar.tsql.file.suffixes=.tsql
Project server settings:
  - sonar.autoscan.enabled=true
Project scanner properties:
  - sonar.coverage.exclusions=**/*.test.js
  - sonar.eslint.eslintconfigpath=server/eslintrc.js
  - sonar.exclusions=server/node_modules/**/*
  - sonar.host.url=https://sonarcloud.io
  - sonar.javascript.lcov.reportPaths=server/coverage/lcov.info
  - sonar.language=js
  - sonar.links.ci=https://travis-ci.org/github/MaatheusGois/Pets
  - sonar.links.homepage=https://github.com/MaatheusGois/Pets
  - sonar.links.issue=https://github.com/MaatheusGois/Pets/issues
  - sonar.organization=maatheusgois
  - sonar.projectBaseDir=/Users/matheussilva/repos/pets
  - sonar.projectKey=MaatheusGois_Pets
  - sonar.projectVersion=1.0
  - sonar.scanner.app=ScannerCli
  - sonar.scanner.appVersion=4.3.0.2102
  - sonar.sourceEncoding=UTF-8
  - sonar.sources=server
  - sonar.technicalDebt.developmentCost=30
  - sonar.technicalDebt.hoursInDay=4
  - sonar.verbose=true
  - sonar.working.directory=/Users/matheussilva/repos/pets/.scannerwork
